<?xml version="1.0" encoding="UTF-8"?>
<coverage generated="1731441180285" clover="3.2.0">
  <project timestamp="1731441180285" name="All files">
    <metrics statements="21" coveredstatements="17" conditionals="0" coveredconditionals="0" methods="4" coveredmethods="4" elements="25" coveredelements="21" complexity="0" loc="21" ncloc="21" packages="1" files="1" classes="1"/>
    <file name="operacoesController.js" path="C:\Users\vinicius6115\Documents\projetos\geracao_tech\aulas\aulas_node\aula_36\src\controllers\operacoesController.js">
      <metrics statements="21" coveredstatements="17" conditionals="0" coveredconditionals="0" methods="4" coveredmethods="4"/>
      <line num="1" count="1" type="stmt"/>
      <line num="2" count="1" type="stmt"/>
      <line num="3" count="1" type="stmt"/>
      <line num="4" count="1" type="stmt"/>
      <line num="6" count="0" type="stmt"/>
      <line num="11" count="1" type="stmt"/>
      <line num="12" count="1" type="stmt"/>
      <line num="13" count="1" type="stmt"/>
      <line num="14" count="1" type="stmt"/>
      <line num="16" count="0" type="stmt"/>
      <line num="21" count="1" type="stmt"/>
      <line num="22" count="1" type="stmt"/>
      <line num="23" count="1" type="stmt"/>
      <line num="24" count="1" type="stmt"/>
      <line num="26" count="0" type="stmt"/>
      <line num="31" count="1" type="stmt"/>
      <line num="32" count="1" type="stmt"/>
      <line num="33" count="1" type="stmt"/>
      <line num="34" count="1" type="stmt"/>
      <line num="36" count="0" type="stmt"/>
      <line num="41" count="1" type="stmt"/>
    </file>
  </project>
</coverage>
